android-twa/app/build/intermediates/manifest_merge_blame_file/release/processReleaseMainManifest/manifest-merger-blame-release-report.txt
1<?xml version="1.0" encoding="utf-8"?>
2<!--
3    Copyright 2019 Google Inc. All Rights Reserved.
4
5     Licensed under the Apache License, Version 2.0 (the "License");
6     you may not use this file except in compliance with the License.
7     You may obtain a copy of the License at
8
9         http://www.apache.org/licenses/LICENSE-2.0
10
11     Unless required by applicable law or agreed to in writing, software
12     distributed under the License is distributed on an "AS IS" BASIS,
13     WITHOUT WARRANTIES OR CONDITIONS OF ANY KIND, either express or implied.
14     See the License for the specific language governing permissions and
15     limitations under the License.
16-->
17<!--
18 The "package" attribute is rewritten by the Gradle build with the value of applicationId.
19     It is still required here, as it is used to derive paths, for instance when referring
20     to an Activity by ".MyActivity" instead of the full name. If more Activities are added to the
21     application, the package attribute will need to reflect the correct path in order to use
22     the abbreviated format.
23-->
24<manifest xmlns:android="http://schemas.android.com/apk/res/android"
25    package="app.vercel.audioeightlemon.twa"
26    android:versionCode="3"
27    android:versionName="1.0.1" >
28
29    <uses-sdk
30        android:minSdkVersion="21"
31        android:targetSdkVersion="35" />
32
33    <queries>
33-->[com.google.androidbrowserhelper:androidbrowserhelper:2.6.2] AndroidManifest.xml:22:5-30:15
34        <intent>
34-->[com.google.androidbrowserhelper:androidbrowserhelper:2.6.2] AndroidManifest.xml:23:9-29:18
35            <action android:name="android.intent.action.VIEW" />
35-->src\main\AndroidManifest.xml:149:17-68
35-->src\main\AndroidManifest.xml:149:25-66
36
37            <category android:name="android.intent.category.BROWSABLE" />
37-->src\main\AndroidManifest.xml:151:17-77
37-->src\main\AndroidManifest.xml:151:27-75
38
39            <data android:scheme="https" />
39-->src\main\AndroidManifest.xml:152:17-155:19
39-->src\main\AndroidManifest.xml:152:23-45
40        </intent>
41    </queries>
42
43    <permission
43-->[androidx.core:core:1.13.0] AndroidManifest.xml:22:5-24:47
44        android:name="app.vercel.audioeightlemon.twa.DYNAMIC_RECEIVER_NOT_EXPORTED_PERMISSION"
44-->[androidx.core:core:1.13.0] AndroidManifest.xml:23:9-81
45        android:protectionLevel="signature" />
45-->[androidx.core:core:1.13.0] AndroidManifest.xml:24:9-44
46
47    <uses-permission android:name="app.vercel.audioeightlemon.twa.DYNAMIC_RECEIVER_NOT_EXPORTED_PERMISSION" />
47-->[androidx.core:core:1.13.0] AndroidManifest.xml:26:5-97
47-->[androidx.core:core:1.13.0] AndroidManifest.xml:26:22-94
48
49    <application
49-->src\main\AndroidManifest.xml:33:5-194:19
50        android:name="app.vercel.audioeightlemon.twa.Application"
50-->src\main\AndroidManifest.xml:34:9-35
51        android:allowBackup="true"
51-->src\main\AndroidManifest.xml:35:9-35
52        android:appComponentFactory="androidx.core.app.CoreComponentFactory"
52-->[androidx.core:core:1.13.0] AndroidManifest.xml:28:18-86
53        android:extractNativeLibs="true"
54        android:icon="@mipmap/ic_launcher"
54-->src\main\AndroidManifest.xml:36:9-43
55        android:label="@string/appName"
55-->src\main\AndroidManifest.xml:37:9-40
56        android:manageSpaceActivity="com.google.androidbrowserhelper.trusted.ManageDataLauncherActivity"
56-->src\main\AndroidManifest.xml:39:9-105
57        android:supportsRtl="true"
57-->src\main\AndroidManifest.xml:41:9-35
58        android:theme="@android:style/Theme.Translucent.NoTitleBar" >
58-->src\main\AndroidManifest.xml:42:9-68
59        <meta-data
59-->src\main\AndroidManifest.xml:44:9-46:58
60            android:name="asset_statements"
60-->src\main\AndroidManifest.xml:45:13-44
61            android:resource="@string/assetStatements" />
61-->src\main\AndroidManifest.xml:46:13-55
62        <meta-data
62-->src\main\AndroidManifest.xml:49:13-51:58
63            android:name="web_manifest_url"
63-->src\main\AndroidManifest.xml:50:17-48
64            android:value="@string/webManifestUrl" />
64-->src\main\AndroidManifest.xml:51:17-55
65        <meta-data
65-->src\main\AndroidManifest.xml:54:9-56:52
66            android:name="twa_generator"
66-->src\main\AndroidManifest.xml:55:13-41
67            android:value="@string/generatorApp" />
67-->src\main\AndroidManifest.xml:56:13-49
68
69        <activity
69-->src\main\AndroidManifest.xml:63:13-74:24
70            android:name="com.google.androidbrowserhelper.trusted.ManageDataLauncherActivity"
70-->src\main\AndroidManifest.xml:63:23-104
71            android:enabled="true"
71-->src\main\AndroidManifest.xml:65:17-39
72            android:excludeFromRecents="true"
72-->src\main\AndroidManifest.xml:66:17-50
73            android:exported="false" >
73-->src\main\AndroidManifest.xml:64:17-41
74            <meta-data
74-->src\main\AndroidManifest.xml:67:17-69:57
75                android:name="android.support.customtabs.trusted.MANAGE_SPACE_URL"
75-->src\main\AndroidManifest.xml:68:21-87
76                android:value="@string/launchUrl" />
76-->src\main\AndroidManifest.xml:69:21-54
77
78            <intent-filter>
78-->src\main\AndroidManifest.xml:70:17-73:33
79                <action android:name="android.intent.action.APPLICATION_PREFERENCES" />
79-->src\main\AndroidManifest.xml:71:21-92
79-->src\main\AndroidManifest.xml:71:29-89
80
81                <category android:name="android.intent.category.DEFAULT" />
81-->src\main\AndroidManifest.xml:72:21-80
81-->src\main\AndroidManifest.xml:72:31-77
82            </intent-filter>
83        </activity>
84        <activity
84-->src\main\AndroidManifest.xml:77:9-161:20
85            android:name="app.vercel.audioeightlemon.twa.LauncherActivity"
85-->src\main\AndroidManifest.xml:77:19-50
86            android:alwaysRetainTaskState="true"
86-->src\main\AndroidManifest.xml:78:13-49
87            android:exported="true"
87-->src\main\AndroidManifest.xml:80:13-36
88            android:label="@string/launcherName" >
88-->src\main\AndroidManifest.xml:79:13-49
89            <meta-data
89-->src\main\AndroidManifest.xml:81:13-82:53
90                android:name="android.support.customtabs.trusted.DEFAULT_URL"
90-->src\main\AndroidManifest.xml:81:24-85
91                android:value="@string/launchUrl" />
91-->src\main\AndroidManifest.xml:82:17-50
92            <meta-data
92-->src\main\AndroidManifest.xml:84:13-86:58
93                android:name="android.support.customtabs.trusted.STATUS_BAR_COLOR"
93-->src\main\AndroidManifest.xml:85:17-83
94                android:resource="@color/colorPrimary" />
94-->src\main\AndroidManifest.xml:86:17-55
95            <meta-data
95-->src\main\AndroidManifest.xml:90:13-92:62
96                android:name="android.support.customtabs.trusted.STATUS_BAR_COLOR_DARK"
96-->src\main\AndroidManifest.xml:91:17-88
97                android:resource="@color/colorPrimaryDark" />
97-->src\main\AndroidManifest.xml:92:17-59
98            <meta-data
98-->src\main\AndroidManifest.xml:94:13-96:61
99                android:name="android.support.customtabs.trusted.NAVIGATION_BAR_COLOR"
99-->src\main\AndroidManifest.xml:95:17-87
100                android:resource="@color/navigationColor" />
100-->src\main\AndroidManifest.xml:96:17-58
101            <meta-data
101-->src\main\AndroidManifest.xml:98:13-100:65
102                android:name="android.support.customtabs.trusted.NAVIGATION_BAR_COLOR_DARK"
102-->src\main\AndroidManifest.xml:99:17-92
103                android:resource="@color/navigationColorDark" />
103-->src\main\AndroidManifest.xml:100:17-62
104            <meta-data
104-->src\main\AndroidManifest.xml:102:13-104:68
105                android:name="androix.browser.trusted.NAVIGATION_BAR_DIVIDER_COLOR"
105-->src\main\AndroidManifest.xml:103:17-84
106                android:resource="@color/navigationDividerColor" />
106-->src\main\AndroidManifest.xml:104:17-65
107            <meta-data
107-->src\main\AndroidManifest.xml:106:13-108:72
108                android:name="androix.browser.trusted.NAVIGATION_BAR_DIVIDER_COLOR_DARK"
108-->src\main\AndroidManifest.xml:107:17-89
109                android:resource="@color/navigationDividerColorDark" />
109-->src\main\AndroidManifest.xml:108:17-69
110            <meta-data
110-->src\main\AndroidManifest.xml:110:13-111:54
111                android:name="android.support.customtabs.trusted.SPLASH_IMAGE_DRAWABLE"
111-->src\main\AndroidManifest.xml:110:24-95
112                android:resource="@drawable/splash" />
112-->src\main\AndroidManifest.xml:111:17-52
113            <meta-data
113-->src\main\AndroidManifest.xml:113:13-114:60
114                android:name="android.support.customtabs.trusted.SPLASH_SCREEN_BACKGROUND_COLOR"
114-->src\main\AndroidManifest.xml:113:24-104
115                android:resource="@color/backgroundColor" />
115-->src\main\AndroidManifest.xml:114:17-58
116            <meta-data
116-->src\main\AndroidManifest.xml:116:13-117:71
117                android:name="android.support.customtabs.trusted.SPLASH_SCREEN_FADE_OUT_DURATION"
117-->src\main\AndroidManifest.xml:116:24-105
118                android:value="@integer/splashScreenFadeOutDuration" />
118-->src\main\AndroidManifest.xml:117:17-69
119            <meta-data
119-->src\main\AndroidManifest.xml:119:13-120:60
120                android:name="android.support.customtabs.trusted.FILE_PROVIDER_AUTHORITY"
120-->src\main\AndroidManifest.xml:119:24-97
121                android:value="@string/providerAuthority" />
121-->src\main\AndroidManifest.xml:120:17-58
122            <meta-data
122-->src\main\AndroidManifest.xml:122:13-97
123                android:name="android.app.shortcuts"
123-->src\main\AndroidManifest.xml:122:24-60
124                android:resource="@xml/shortcuts" />
124-->src\main\AndroidManifest.xml:122:61-94
125            <meta-data
125-->src\main\AndroidManifest.xml:124:13-125:56
126                android:name="android.support.customtabs.trusted.FALLBACK_STRATEGY"
126-->src\main\AndroidManifest.xml:124:24-91
127                android:value="@string/fallbackType" />
127-->src\main\AndroidManifest.xml:125:17-53
128            <meta-data
128-->src\main\AndroidManifest.xml:130:13-131:45
129                android:name="android.support.customtabs.trusted.DISPLAY_MODE"
129-->src\main\AndroidManifest.xml:130:24-86
130                android:value="immersive" />
130-->src\main\AndroidManifest.xml:131:17-42
131            <meta-data
131-->src\main\AndroidManifest.xml:134:13-135:54
132                android:name="android.support.customtabs.trusted.SCREEN_ORIENTATION"
132-->src\main\AndroidManifest.xml:134:24-92
133                android:value="@string/orientation" />
133-->src\main\AndroidManifest.xml:135:17-52
134
135            <intent-filter>
135-->src\main\AndroidManifest.xml:143:13-146:29
136                <action android:name="android.intent.action.MAIN" />
136-->src\main\AndroidManifest.xml:144:17-69
136-->src\main\AndroidManifest.xml:144:25-66
137
138                <category android:name="android.intent.category.LAUNCHER" />
138-->src\main\AndroidManifest.xml:145:17-77
138-->src\main\AndroidManifest.xml:145:27-74
139            </intent-filter>
140            <intent-filter android:autoVerify="true" >
140-->src\main\AndroidManifest.xml:148:13-156:29
140-->src\main\AndroidManifest.xml:148:28-53
141                <action android:name="android.intent.action.VIEW" />
141-->src\main\AndroidManifest.xml:149:17-68
141-->src\main\AndroidManifest.xml:149:25-66
142
143                <category android:name="android.intent.category.DEFAULT" />
143-->src\main\AndroidManifest.xml:72:21-80
143-->src\main\AndroidManifest.xml:72:31-77
144                <category android:name="android.intent.category.BROWSABLE" />
144-->src\main\AndroidManifest.xml:151:17-77
144-->src\main\AndroidManifest.xml:151:27-75
145
146                <data
146-->src\main\AndroidManifest.xml:152:17-155:19
147                    android:host="@string/hostName"
147-->src\main\AndroidManifest.xml:153:21-52
148                    android:scheme="https" />
148-->src\main\AndroidManifest.xml:152:23-45
149            </intent-filter>
150        </activity>
151        <activity android:name="com.google.androidbrowserhelper.trusted.FocusActivity" />
151-->src\main\AndroidManifest.xml:163:9-90
151-->src\main\AndroidManifest.xml:163:19-87
152        <activity
152-->src\main\AndroidManifest.xml:165:9-166:62
153            android:name="com.google.androidbrowserhelper.trusted.WebViewFallbackActivity"
153-->src\main\AndroidManifest.xml:165:19-97
154            android:configChanges="orientation|screenSize" />
154-->src\main\AndroidManifest.xml:166:13-59
155
156        <provider
156-->src\main\AndroidManifest.xml:168:9-176:20
157            android:name="androidx.core.content.FileProvider"
157-->src\main\AndroidManifest.xml:169:13-62
158            android:authorities="@string/providerAuthority"
158-->src\main\AndroidManifest.xml:170:13-60
159            android:exported="false"
159-->src\main\AndroidManifest.xml:172:13-37
160            android:grantUriPermissions="true" >
160-->src\main\AndroidManifest.xml:171:13-47
161            <meta-data
161-->src\main\AndroidManifest.xml:173:13-175:53
162                android:name="android.support.FILE_PROVIDER_PATHS"
162-->src\main\AndroidManifest.xml:174:17-67
163                android:resource="@xml/filepaths" />
163-->src\main\AndroidManifest.xml:175:17-50
164        </provider>
165
166        <service
166-->src\main\AndroidManifest.xml:178:9-189:19
167            android:name="app.vercel.audioeightlemon.twa.DelegationService"
167-->src\main\AndroidManifest.xml:179:13-46
168            android:enabled="@bool/enableNotification"
168-->src\main\AndroidManifest.xml:180:13-55
169            android:exported="@bool/enableNotification" >
169-->src\main\AndroidManifest.xml:181:13-56
170            <intent-filter>
170-->src\main\AndroidManifest.xml:185:13-188:29
171                <action android:name="android.support.customtabs.trusted.TRUSTED_WEB_ACTIVITY_SERVICE" />
171-->src\main\AndroidManifest.xml:186:17-105
171-->src\main\AndroidManifest.xml:186:25-103
172
173                <category android:name="android.intent.category.DEFAULT" />
173-->src\main\AndroidManifest.xml:72:21-80
173-->src\main\AndroidManifest.xml:72:31-77
174            </intent-filter>
175        </service>
176
177        <provider
177-->[androidx.emoji2:emoji2:1.3.0] AndroidManifest.xml:24:9-32:20
178            android:name="androidx.startup.InitializationProvider"
178-->[androidx.emoji2:emoji2:1.3.0] AndroidManifest.xml:25:13-67
179            android:authorities="app.vercel.audioeightlemon.twa.androidx-startup"
179-->[androidx.emoji2:emoji2:1.3.0] AndroidManifest.xml:26:13-68
180            android:exported="false" >
180-->[androidx.emoji2:emoji2:1.3.0] AndroidManifest.xml:27:13-37
181            <meta-data
181-->[androidx.emoji2:emoji2:1.3.0] AndroidManifest.xml:29:13-31:52
182                android:name="androidx.emoji2.text.EmojiCompatInitializer"
182-->[androidx.emoji2:emoji2:1.3.0] AndroidManifest.xml:30:17-75
183                android:value="androidx.startup" />
183-->[androidx.emoji2:emoji2:1.3.0] AndroidManifest.xml:31:17-49
184            <meta-data
184-->[androidx.lifecycle:lifecycle-process:2.6.2] AndroidManifest.xml:29:13-31:52
185                android:name="androidx.lifecycle.ProcessLifecycleInitializer"
185-->[androidx.lifecycle:lifecycle-process:2.6.2] AndroidManifest.xml:30:17-78
186                android:value="androidx.startup" />
186-->[androidx.lifecycle:lifecycle-process:2.6.2] AndroidManifest.xml:31:17-49
187            <meta-data
187-->[androidx.profileinstaller:profileinstaller:1.3.1] AndroidManifest.xml:29:13-31:52
188                android:name="androidx.profileinstaller.ProfileInstallerInitializer"
188-->[androidx.profileinstaller:profileinstaller:1.3.1] AndroidManifest.xml:30:17-85
189                android:value="androidx.startup" />
189-->[androidx.profileinstaller:profileinstaller:1.3.1] AndroidManifest.xml:31:17-49
190        </provider>
191
192        <receiver
192-->[androidx.profileinstaller:profileinstaller:1.3.1] AndroidManifest.xml:34:9-52:20
193            android:name="androidx.profileinstaller.ProfileInstallReceiver"
193-->[androidx.profileinstaller:profileinstaller:1.3.1] AndroidManifest.xml:35:13-76
194            android:directBootAware="false"
194-->[androidx.profileinstaller:profileinstaller:1.3.1] AndroidManifest.xml:36:13-44
195            android:enabled="true"
195-->[androidx.profileinstaller:profileinstaller:1.3.1] AndroidManifest.xml:37:13-35
196            android:exported="true"
196-->[androidx.profileinstaller:profileinstaller:1.3.1] AndroidManifest.xml:38:13-36
197            android:permission="android.permission.DUMP" >
197-->[androidx.profileinstaller:profileinstaller:1.3.1] AndroidManifest.xml:39:13-57
198            <intent-filter>
198-->[androidx.profileinstaller:profileinstaller:1.3.1] AndroidManifest.xml:40:13-42:29
199                <action android:name="androidx.profileinstaller.action.INSTALL_PROFILE" />
199-->[androidx.profileinstaller:profileinstaller:1.3.1] AndroidManifest.xml:41:17-91
199-->[androidx.profileinstaller:profileinstaller:1.3.1] AndroidManifest.xml:41:25-88
200            </intent-filter>
201            <intent-filter>
201-->[androidx.profileinstaller:profileinstaller:1.3.1] AndroidManifest.xml:43:13-45:29
202                <action android:name="androidx.profileinstaller.action.SKIP_FILE" />
202-->[androidx.profileinstaller:profileinstaller:1.3.1] AndroidManifest.xml:44:17-85
202-->[androidx.profileinstaller:profileinstaller:1.3.1] AndroidManifest.xml:44:25-82
203            </intent-filter>
204            <intent-filter>
204-->[androidx.profileinstaller:profileinstaller:1.3.1] AndroidManifest.xml:46:13-48:29
205                <action android:name="androidx.profileinstaller.action.SAVE_PROFILE" />
205-->[androidx.profileinstaller:profileinstaller:1.3.1] AndroidManifest.xml:47:17-88
205-->[androidx.profileinstaller:profileinstaller:1.3.1] AndroidManifest.xml:47:25-85
206            </intent-filter>
207            <intent-filter>
207-->[androidx.profileinstaller:profileinstaller:1.3.1] AndroidManifest.xml:49:13-51:29
208                <action android:name="androidx.profileinstaller.action.BENCHMARK_OPERATION" />
208-->[androidx.profileinstaller:profileinstaller:1.3.1] AndroidManifest.xml:50:17-95
208-->[androidx.profileinstaller:profileinstaller:1.3.1] AndroidManifest.xml:50:25-92
209            </intent-filter>
210        </receiver>
211    </application>
212
213</manifest>